Omega2 spin-adapted expression:
 + 1.0g_{aibj}
 - 1.0\sum_{k}F_{ki}t2_{akbj}
 - 1.0\sum_{k}F_{kj}t2_{aibk}
 + 1.0\sum_{c}F_{ac}t2_{bjci}
 + 1.0\sum_{c}F_{bc}t2_{aicj}
 - 1.0\sum_{kc}g_{kiac}t2_{ckbj}
 - 1.0\sum_{kc}g_{kibc}t2_{akcj}
 + 1.0\sum_{kl}g_{kjli}t2_{bkal}
 - 1.0\sum_{kc}g_{kjac}t2_{bkci}
 - 1.0\sum_{kc}g_{kjbc}t2_{aick}
 - 1.0\sum_{kc}g_{kcai}t2_{bkcj}
 + 2.0\sum_{kc}g_{kcai}t2_{ckbj}
 + 2.0\sum_{kc}g_{kcbj}t2_{aick}
 - 1.0\sum_{kc}g_{kcbj}t2_{akci}
 + 1.0\sum_{cd}g_{bcad}t2_{cjdi}
 + 1.0\sum_{kcld}g_{kcld}t2_{aibk}t2_{cldj}
 - 2.0\sum_{kcld}g_{kcld}t2_{aibk}t2_{dlcj}
 + 1.0\sum_{kcld}g_{kcld}t2_{aicj}t2_{bldk}
 + 4.0\sum_{kcld}g_{kcld}t2_{aick}t2_{bjdl}
 - 2.0\sum_{kcld}g_{kcld}t2_{aick}t2_{bldj}
 - 2.0\sum_{kcld}g_{kcld}t2_{aidj}t2_{blck}
 - 2.0\sum_{kcld}g_{kcld}t2_{aidk}t2_{bjcl}
 + 1.0\sum_{kcld}g_{kcld}t2_{aidk}t2_{blcj}
 - 2.0\sum_{kcld}g_{kcld}t2_{akbj}t2_{cidl}
 - 2.0\sum_{kcld}g_{kcld}t2_{akci}t2_{bjdl}
 + 1.0\sum_{kcld}g_{kcld}t2_{akci}t2_{bldj}
 + 1.0\sum_{kcld}g_{kcld}t2_{akdi}t2_{clbj}
 - 2.0\sum_{kcld}g_{kcld}t2_{bjci}t2_{akdl}
 + 1.0\sum_{kcld}g_{kcld}t2_{bjci}t2_{aldk}
 + 1.0\sum_{kcld}g_{kcld}t2_{bkdi}t2_{alcj}
 + 1.0\sum_{kcld}g_{kcld}t2_{djci}t2_{blak}
 + 1.0\sum_{kcld}g_{kcld}t2_{dkci}t2_{albj}

Introduce permutation operators:
 + 1.0g_{aibj}
 + 1.0\sum_{kl}g_{kjli}t2_{bkal}
 + 1.0\sum_{cd}g_{bcad}t2_{cjdi}
 - 1.0\sum_{k}P_{aibj}F_{ki}t2_{akbj}
 + 1.0\sum_{c}P_{aibj}F_{ac}t2_{bjci}
 - 1.0\sum_{kc}P_{aibj}g_{kiac}t2_{ckbj}
 - 1.0\sum_{kc}P_{aibj}g_{kibc}t2_{akcj}
 - 1.0\sum_{kc}P_{aibj}g_{kcai}t2_{bkcj}
 + 2.0\sum_{kc}P_{aibj}g_{kcai}t2_{ckbj}
 + 4.0\sum_{kcld}g_{kcld}t2_{aick}t2_{bjdl}
 - 2.0\sum_{kcld}g_{kcld}t2_{aidk}t2_{bjcl}
 + 1.0\sum_{kcld}g_{kcld}t2_{akci}t2_{bldj}
 + 1.0\sum_{kcld}g_{kcld}t2_{bkdi}t2_{alcj}
 + 1.0\sum_{kcld}g_{kcld}t2_{djci}t2_{blak}
 + 1.0\sum_{kcld}P_{aibj}g_{kcld}t2_{aibk}t2_{cldj}
 - 2.0\sum_{kcld}P_{aibj}g_{kcld}t2_{aibk}t2_{dlcj}
 + 1.0\sum_{kcld}P_{aibj}g_{kcld}t2_{aicj}t2_{bldk}
 - 2.0\sum_{kcld}P_{aibj}g_{kcld}t2_{aick}t2_{bldj}
 - 2.0\sum_{kcld}P_{aibj}g_{kcld}t2_{aidj}t2_{blck}
 + 1.0\sum_{kcld}P_{aibj}g_{kcld}t2_{aidk}t2_{blcj}
